# JRE version: Java(TM) SE Runtime Environment (12.0.2+10) (build 12.0.2+10)
# Java VM: Java HotSpot(TM) 64-Bit Server VM (12.0.2+10, mixed mode, sharing, tiered, compressed oops, g1 gc, windows-amd64)
Heap:
 garbage-first heap   total 129024K, used 56753K [0x0000000082000000, 0x0000000100000000)
  region size 1024K, 4 young (4096K), 1 survivors (1024K)
 Metaspace       used 14617K, capacity 15073K, committed 15232K, reserved 1062912K
  class space    used 1619K, capacity 1803K, committed 1920K, reserved 1048576K
GC Heap History (6 events):
Event: 1.563 GC heap before
{Heap before GC invocations=0 (full 0):
 garbage-first heap   total 129024K, used 19456K [0x0000000082000000, 0x0000000100000000)
  region size 1024K, 14 young (14336K), 0 survivors (0K)
 Metaspace       used 13312K, capacity 13759K, committed 13824K, reserved 1060864K
  class space    used 1546K, capacity 1771K, committed 1792K, reserved 1048576K
}
Event: 1.577 GC heap after
{Heap after GC invocations=1 (full 0):
 garbage-first heap   total 129024K, used 8033K [0x0000000082000000, 0x0000000100000000)
  region size 1024K, 2 young (2048K), 2 survivors (2048K)
 Metaspace       used 13312K, capacity 13759K, committed 13824K, reserved 1060864K
  class space    used 1546K, capacity 1771K, committed 1792K, reserved 1048576K
}
Event: 2.315 GC heap before
{Heap before GC invocations=1 (full 0):
 garbage-first heap   total 129024K, used 31585K [0x0000000082000000, 0x0000000100000000)
  region size 1024K, 9 young (9216K), 2 survivors (2048K)
 Metaspace       used 14258K, capacity 14752K, committed 14976K, reserved 1062912K
  class space    used 1618K, capacity 1803K, committed 1920K, reserved 1048576K
}
Event: 2.321 GC heap after
{Heap after GC invocations=2 (full 0):
 garbage-first heap   total 129024K, used 21999K [0x0000000082000000, 0x0000000100000000)
  region size 1024K, 1 young (1024K), 1 survivors (1024K)
 Metaspace       used 14258K, capacity 14752K, committed 14976K, reserved 1062912K
  class space    used 1618K, capacity 1803K, committed 1920K, reserved 1048576K
}
Event: 4.012 GC heap before
{Heap before GC invocations=2 (full 0):
 garbage-first heap   total 129024K, used 59887K [0x0000000082000000, 0x0000000100000000)
  region size 1024K, 5 young (5120K), 1 survivors (1024K)
 Metaspace       used 14581K, capacity 15073K, committed 15232K, reserved 1062912K
  class space    used 1618K, capacity 1803K, committed 1920K, reserved 1048576K
}
Event: 4.013 GC heap after
{Heap after GC invocations=3 (full 0):
 garbage-first heap   total 129024K, used 44465K [0x0000000082000000, 0x0000000100000000)
  region size 1024K, 1 young (1024K), 1 survivors (1024K)
 Metaspace       used 14581K, capacity 15073K, committed 15232K, reserved 1062912K
  class space    used 1618K, capacity 1803K, committed 1920K, reserved 1048576K
}

